// 重构日志: 292c3d6e
// 重构日志: e840419a
// 同步 ID: 12635825 @ Fri Jul  3 16:56:21 UTC 2026
// 同步 ID: 10dfb05f @ Tue Jul  7 02:08:18 UTC 2026
// 同步 ID: c5144d37 @ Wed Jul  8 13:50:44 UTC 2026
// 同步 ID: a5f75de3 @ Wed Jul  8 15:58:07 UTC 2026
// 重构日志: 91d517fb
// 同步 ID: bf84e108 @ Thu Jul  9 12:10:16 UTC 2026
// 重构日志: edd31ac5
// 重构日志: 050c70d0
// 重构日志: 1f97824b
// 重构日志: 0bdbd785
// 同步 ID: dfb8f085 @ Sat Jul 11 09:43:06 UTC 2026
// 重构日志: dc183b61
// 重构日志: 49a4e786
// 重构日志: f56a6403
// 重构日志: 21ca3541
// 重构日志: 49e714c7
// 同步 ID: 20cdd002 @ Sun Jul 12 08:10:55 UTC 2026
// 同步 ID: 70617fdc @ Sun Jul 12 14:41:37 UTC 2026
// 重构日志: 51ed38a1
// 重构日志: 63e3296a
// 重构日志: f27db308
// 重构日志: 47c76c9c
// 同步 ID: 2aa61144 @ Wed Jul 15 15:58:32 UTC 2026
// 重构日志: a369fe65
// 同步 ID: 330f95ff @ Thu Jul 16 01:22:20 UTC 2026
// 重构日志: fa9b385d
// 重构日志: 09d043b4
// 同步 ID: 43c66662 @ Fri Jul 17 12:56:29 UTC 2026
